addi $s1, $zero, 4 
00100000000100010000000000000100

00 : 00000000000000000000000000000000
01 : 00000000000000000000000000000000
02 : 00000000000000000000000000000000
03 : 00000000000000000000000000000000
04 : 00000000000000000000000000000000
05 : 00000000000000000000000000000000
06 : 00000000000000000000000000000000
07 : 00000000000000000000000000000000
08 : 00000000000000000000000000000000
09 : 00000000000000000000000000000000
10 : 00000000000000000000000000000000
11 : 00000000000000000000000000000000
12 : 00000000000000000000000000000000
13 : 00000000000000000000000000000000
14 : 00000000000000000000000000000000
15 : 00000000000000000000000000000000
16 : 00000000000000000000000000000000
17 : 00000000000000000000000000000100
18 : 00000000000000000000000000000000
19 : 00000000000000000000000000000000
20 : 00000000000000000000000000000000
21 : 00000000000000000000000000000000
22 : 00000000000000000000000000000000
23 : 00000000000000000000000000000000
24 : 00000000000000000000000000000000
25 : 00000000000000000000000000000000
26 : 00000000000000000000000000000000
27 : 00000000000000000000000000000000
28 : 00000000000000000000000000000000
29 : 00000000000000000000000000000000
30 : 00000000000000000000000000000000
31 : 00000000000000000000000000000000

---------------------------------------------------------------------------------

addi $s2, $zero, 3 
00100000000100100000000000000011

00 : 00000000000000000000000000000000
01 : 00000000000000000000000000000000
02 : 00000000000000000000000000000000
03 : 00000000000000000000000000000000
04 : 00000000000000000000000000000000
05 : 00000000000000000000000000000000
06 : 00000000000000000000000000000000
07 : 00000000000000000000000000000000
08 : 00000000000000000000000000000000
09 : 00000000000000000000000000000000
10 : 00000000000000000000000000000000
11 : 00000000000000000000000000000000
12 : 00000000000000000000000000000000
13 : 00000000000000000000000000000000
14 : 00000000000000000000000000000000
15 : 00000000000000000000000000000000
16 : 00000000000000000000000000000000
17 : 00000000000000000000000000000100
18 : 00000000000000000000000000000011
19 : 00000000000000000000000000000000
20 : 00000000000000000000000000000000
21 : 00000000000000000000000000000000
22 : 00000000000000000000000000000000
23 : 00000000000000000000000000000000
24 : 00000000000000000000000000000000
25 : 00000000000000000000000000000000
26 : 00000000000000000000000000000000
27 : 00000000000000000000000000000000
28 : 00000000000000000000000000000000
29 : 00000000000000000000000000000000
30 : 00000000000000000000000000000000
31 : 00000000000000000000000000000000

---------------------------------------------------------------------------------

addi $s3, $zero, 2 
00100000000100110000000000000010

00 : 00000000000000000000000000000000
01 : 00000000000000000000000000000000
02 : 00000000000000000000000000000000
03 : 00000000000000000000000000000000
04 : 00000000000000000000000000000000
05 : 00000000000000000000000000000000
06 : 00000000000000000000000000000000
07 : 00000000000000000000000000000000
08 : 00000000000000000000000000000000
09 : 00000000000000000000000000000000
10 : 00000000000000000000000000000000
11 : 00000000000000000000000000000000
12 : 00000000000000000000000000000000
13 : 00000000000000000000000000000000
14 : 00000000000000000000000000000000
15 : 00000000000000000000000000000000
16 : 00000000000000000000000000000000
17 : 00000000000000000000000000000100
18 : 00000000000000000000000000000011
19 : 00000000000000000000000000000010
20 : 00000000000000000000000000000000
21 : 00000000000000000000000000000000
22 : 00000000000000000000000000000000
23 : 00000000000000000000000000000000
24 : 00000000000000000000000000000000
25 : 00000000000000000000000000000000
26 : 00000000000000000000000000000000
27 : 00000000000000000000000000000000
28 : 00000000000000000000000000000000
29 : 00000000000000000000000000000000
30 : 00000000000000000000000000000000
31 : 00000000000000000000000000000000

---------------------------------------------------------------------------------

addi $s4, $zero, 1 
00100000000101000000000000000001

00 : 00000000000000000000000000000000
01 : 00000000000000000000000000000000
02 : 00000000000000000000000000000000
03 : 00000000000000000000000000000000
04 : 00000000000000000000000000000000
05 : 00000000000000000000000000000000
06 : 00000000000000000000000000000000
07 : 00000000000000000000000000000000
08 : 00000000000000000000000000000000
09 : 00000000000000000000000000000000
10 : 00000000000000000000000000000000
11 : 00000000000000000000000000000000
12 : 00000000000000000000000000000000
13 : 00000000000000000000000000000000
14 : 00000000000000000000000000000000
15 : 00000000000000000000000000000000
16 : 00000000000000000000000000000000
17 : 00000000000000000000000000000100
18 : 00000000000000000000000000000011
19 : 00000000000000000000000000000010
20 : 00000000000000000000000000000001
21 : 00000000000000000000000000000000
22 : 00000000000000000000000000000000
23 : 00000000000000000000000000000000
24 : 00000000000000000000000000000000
25 : 00000000000000000000000000000000
26 : 00000000000000000000000000000000
27 : 00000000000000000000000000000000
28 : 00000000000000000000000000000000
29 : 00000000000000000000000000000000
30 : 00000000000000000000000000000000
31 : 00000000000000000000000000000000

---------------------------------------------------------------------------------

add $t0, $s1, $s2
00000010001100100100000000100000

00 : 00000000000000000000000000000000
01 : 00000000000000000000000000000000
02 : 00000000000000000000000000000000
03 : 00000000000000000000000000000000
04 : 00000000000000000000000000000000
05 : 00000000000000000000000000000000
06 : 00000000000000000000000000000000
07 : 00000000000000000000000000000000
08 : 00000000000000000000000000000111
09 : 00000000000000000000000000000000
10 : 00000000000000000000000000000000
11 : 00000000000000000000000000000000
12 : 00000000000000000000000000000000
13 : 00000000000000000000000000000000
14 : 00000000000000000000000000000000
15 : 00000000000000000000000000000000
16 : 00000000000000000000000000000000
17 : 00000000000000000000000000000100
18 : 00000000000000000000000000000011
19 : 00000000000000000000000000000010
20 : 00000000000000000000000000000001
21 : 00000000000000000000000000000000
22 : 00000000000000000000000000000000
23 : 00000000000000000000000000000000
24 : 00000000000000000000000000000000
25 : 00000000000000000000000000000000
26 : 00000000000000000000000000000000
27 : 00000000000000000000000000000000
28 : 00000000000000000000000000000000
29 : 00000000000000000000000000000000
30 : 00000000000000000000000000000000
31 : 00000000000000000000000000000000

---------------------------------------------------------------------------------

add $t1, $s3, $s4
00000010011101000100100000100000

00 : 00000000000000000000000000000000
01 : 00000000000000000000000000000000
02 : 00000000000000000000000000000000
03 : 00000000000000000000000000000000
04 : 00000000000000000000000000000000
05 : 00000000000000000000000000000000
06 : 00000000000000000000000000000000
07 : 00000000000000000000000000000000
08 : 00000000000000000000000000000111
09 : 00000000000000000000000000000011
10 : 00000000000000000000000000000000
11 : 00000000000000000000000000000000
12 : 00000000000000000000000000000000
13 : 00000000000000000000000000000000
14 : 00000000000000000000000000000000
15 : 00000000000000000000000000000000
16 : 00000000000000000000000000000000
17 : 00000000000000000000000000000100
18 : 00000000000000000000000000000011
19 : 00000000000000000000000000000010
20 : 00000000000000000000000000000001
21 : 00000000000000000000000000000000
22 : 00000000000000000000000000000000
23 : 00000000000000000000000000000000
24 : 00000000000000000000000000000000
25 : 00000000000000000000000000000000
26 : 00000000000000000000000000000000
27 : 00000000000000000000000000000000
28 : 00000000000000000000000000000000
29 : 00000000000000000000000000000000
30 : 00000000000000000000000000000000
31 : 00000000000000000000000000000000

---------------------------------------------------------------------------------

sub $s0, $t0, $t1
00000001000010011000000000100010

00 : 00000000000000000000000000000000
01 : 00000000000000000000000000000000
02 : 00000000000000000000000000000000
03 : 00000000000000000000000000000000
04 : 00000000000000000000000000000000
05 : 00000000000000000000000000000000
06 : 00000000000000000000000000000000
07 : 00000000000000000000000000000000
08 : 00000000000000000000000000000111
09 : 00000000000000000000000000000011
10 : 00000000000000000000000000000000
11 : 00000000000000000000000000000000
12 : 00000000000000000000000000000000
13 : 00000000000000000000000000000000
14 : 00000000000000000000000000000000
15 : 00000000000000000000000000000000
16 : 00000000000000000000000000000100
17 : 00000000000000000000000000000100
18 : 00000000000000000000000000000011
19 : 00000000000000000000000000000010
20 : 00000000000000000000000000000001
21 : 00000000000000000000000000000000
22 : 00000000000000000000000000000000
23 : 00000000000000000000000000000000
24 : 00000000000000000000000000000000
25 : 00000000000000000000000000000000
26 : 00000000000000000000000000000000
27 : 00000000000000000000000000000000
28 : 00000000000000000000000000000000
29 : 00000000000000000000000000000000
30 : 00000000000000000000000000000000
31 : 00000000000000000000000000000000

---------------------------------------------------------------------------------

