
addi $s1, $0, 24
00100000000100010000000000011000

00 : 00000000000000000000000000000000
01 : 00000000000000000000000000000000
02 : 00000000000000000000000000000000
03 : 00000000000000000000000000000000
04 : 00000000000000000000000000000000
05 : 00000000000000000000000000000000
06 : 00000000000000000000000000000000
07 : 00000000000000000000000000000000
08 : 00000000000000000000000000000000
09 : 00000000000000000000000000000000
10 : 00000000000000000000000000000000
11 : 00000000000000000000000000000000
12 : 00000000000000000000000000000000
13 : 00000000000000000000000000000000
14 : 00000000000000000000000000000000
15 : 00000000000000000000000000000000
16 : 00000000000000000000000000000000
17 : 00000000000000000000000000011000
18 : 00000000000000000000000000000000
19 : 00000000000000000000000000000000
20 : 00000000000000000000000000000000
21 : 00000000000000000000000000000000
22 : 00000000000000000000000000000000
23 : 00000000000000000000000000000000
24 : 00000000000000000000000000000000
25 : 00000000000000000000000000000000
26 : 00000000000000000000000000000000
27 : 00000000000000000000000000000000
28 : 00000000000000000000000000000000
29 : 00000000000000000000000000000000
30 : 00000000000000000000000000000000
31 : 00000000000000000000000000000000

------------------------------------------------------------------------------------

addi $s2, $0, 123
00100000000100100000000001111011

00 : 00000000000000000000000000000000
01 : 00000000000000000000000000000000
02 : 00000000000000000000000000000000
03 : 00000000000000000000000000000000
04 : 00000000000000000000000000000000
05 : 00000000000000000000000000000000
06 : 00000000000000000000000000000000
07 : 00000000000000000000000000000000
08 : 00000000000000000000000000000000
09 : 00000000000000000000000000000000
10 : 00000000000000000000000000000000
11 : 00000000000000000000000000000000
12 : 00000000000000000000000000000000
13 : 00000000000000000000000000000000
14 : 00000000000000000000000000000000
15 : 00000000000000000000000000000000
16 : 00000000000000000000000000000000
17 : 00000000000000000000000000011000
18 : 00000000000000000000000001111011
19 : 00000000000000000000000000000000
20 : 00000000000000000000000000000000
21 : 00000000000000000000000000000000
22 : 00000000000000000000000000000000
23 : 00000000000000000000000000000000
24 : 00000000000000000000000000000000
25 : 00000000000000000000000000000000
26 : 00000000000000000000000000000000
27 : 00000000000000000000000000000000
28 : 00000000000000000000000000000000
29 : 00000000000000000000000000000000
30 : 00000000000000000000000000000000
31 : 00000000000000000000000000000000

------------------------------------------------------------------------------------

addi $s3, $0, 16
00100000000100110000000000010000

00 : 00000000000000000000000000000000
01 : 00000000000000000000000000000000
02 : 00000000000000000000000000000000
03 : 00000000000000000000000000000000
04 : 00000000000000000000000000000000
05 : 00000000000000000000000000000000
06 : 00000000000000000000000000000000
07 : 00000000000000000000000000000000
08 : 00000000000000000000000000000000
09 : 00000000000000000000000000000000
10 : 00000000000000000000000000000000
11 : 00000000000000000000000000000000
12 : 00000000000000000000000000000000
13 : 00000000000000000000000000000000
14 : 00000000000000000000000000000000
15 : 00000000000000000000000000000000
16 : 00000000000000000000000000000000
17 : 00000000000000000000000000011000
18 : 00000000000000000000000001111011
19 : 00000000000000000000000000010000
20 : 00000000000000000000000000000000
21 : 00000000000000000000000000000000
22 : 00000000000000000000000000000000
23 : 00000000000000000000000000000000
24 : 00000000000000000000000000000000
25 : 00000000000000000000000000000000
26 : 00000000000000000000000000000000
27 : 00000000000000000000000000000000
28 : 00000000000000000000000000000000
29 : 00000000000000000000000000000000
30 : 00000000000000000000000000000000
31 : 00000000000000000000000000000000

------------------------------------------------------------------------------------

sw $s1, $s2
10101110010100010000000000000000

00 : 00000000000000000000000000000000
01 : 00000000000000000000000000000000
02 : 00000000000000000000000000000000
03 : 00000000000000000000000000000000
04 : 00000000000000000000000000000000
05 : 00000000000000000000000000000000
06 : 00000000000000000000000000000000
07 : 00000000000000000000000000000000
08 : 00000000000000000000000000000000
09 : 00000000000000000000000000000000
10 : 00000000000000000000000000000000
11 : 00000000000000000000000000000000
12 : 00000000000000000000000000000000
13 : 00000000000000000000000000000000
14 : 00000000000000000000000000000000
15 : 00000000000000000000000000000000
16 : 00000000000000000000000000000000
17 : 00000000000000000000000000011000
18 : 00000000000000000000000001111011
19 : 00000000000000000000000000010000
20 : 00000000000000000000000000000000
21 : 00000000000000000000000000000000
22 : 00000000000000000000000000000000
23 : 00000000000000000000000000000000
24 : 00000000000000000000000000000000
25 : 00000000000000000000000000000000
26 : 00000000000000000000000000000000
27 : 00000000000000000000000000000000
28 : 00000000000000000000000000000000
29 : 00000000000000000000000000000000
30 : 00000000000000000000000000000000
31 : 00000000000000000000000000000000

------------------------------------------------------------------------------------

lw $s0, 8($s3)
10001110011100000000000000001000

00 : 00000000000000000000000000000000
01 : 00000000000000000000000000000000
02 : 00000000000000000000000000000000
03 : 00000000000000000000000000000000
04 : 00000000000000000000000000000000
05 : 00000000000000000000000000000000
06 : 00000000000000000000000000000000
07 : 00000000000000000000000000000000
08 : 00000000000000000000000000000000
09 : 00000000000000000000000000000000
10 : 00000000000000000000000000000000
11 : 00000000000000000000000000000000
12 : 00000000000000000000000000000000
13 : 00000000000000000000000000000000
14 : 00000000000000000000000000000000
15 : 00000000000000000000000000000000
16 : 00000000000000000000000001111011
17 : 00000000000000000000000000011000
18 : 00000000000000000000000001111011
19 : 00000000000000000000000000010000
20 : 00000000000000000000000000000000
21 : 00000000000000000000000000000000
22 : 00000000000000000000000000000000
23 : 00000000000000000000000000000000
24 : 00000000000000000000000000000000
25 : 00000000000000000000000000000000
26 : 00000000000000000000000000000000
27 : 00000000000000000000000000000000
28 : 00000000000000000000000000000000
29 : 00000000000000000000000000000000
30 : 00000000000000000000000000000000
31 : 00000000000000000000000000000000

------------------------------------------------------------------------------------
