
addi $s1, $0, 10
00100000000100010000000000001010

00 : 00000000000000000000000000000000
01 : 00000000000000000000000000000000
02 : 00000000000000000000000000000000
03 : 00000000000000000000000000000000
04 : 00000000000000000000000000000000
05 : 00000000000000000000000000000000
06 : 00000000000000000000000000000000
07 : 00000000000000000000000000000000
08 : 00000000000000000000000000000000
09 : 00000000000000000000000000000000
10 : 00000000000000000000000000000000
11 : 00000000000000000000000000000000
12 : 00000000000000000000000000000000
13 : 00000000000000000000000000000000
14 : 00000000000000000000000000000000
15 : 00000000000000000000000000000000
16 : 00000000000000000000000000000000
17 : 00000000000000000000000000001010
18 : 00000000000000000000000000000000
19 : 00000000000000000000000000000000
20 : 00000000000000000000000000000000
21 : 00000000000000000000000000000000
22 : 00000000000000000000000000000000
23 : 00000000000000000000000000000000
24 : 00000000000000000000000000000000
25 : 00000000000000000000000000000000
26 : 00000000000000000000000000000000
27 : 00000000000000000000000000000000
28 : 00000000000000000000000000000000
29 : 00000000000000000000000000000000
30 : 00000000000000000000000000000000
31 : 00000000000000000000000000000000

------------------------------------------------------------------------------------

beq $s0, $s1, 2
00010010001100000000000000000010

00 : 00000000000000000000000000000000
01 : 00000000000000000000000000000000
02 : 00000000000000000000000000000000
03 : 00000000000000000000000000000000
04 : 00000000000000000000000000000000
05 : 00000000000000000000000000000000
06 : 00000000000000000000000000000000
07 : 00000000000000000000000000000000
08 : 00000000000000000000000000000000
09 : 00000000000000000000000000000000
10 : 00000000000000000000000000000000
11 : 00000000000000000000000000000000
12 : 00000000000000000000000000000000
13 : 00000000000000000000000000000000
14 : 00000000000000000000000000000000
15 : 00000000000000000000000000000000
16 : 00000000000000000000000000000000
17 : 00000000000000000000000000001010
18 : 00000000000000000000000000000000
19 : 00000000000000000000000000000000
20 : 00000000000000000000000000000000
21 : 00000000000000000000000000000000
22 : 00000000000000000000000000000000
23 : 00000000000000000000000000000000
24 : 00000000000000000000000000000000
25 : 00000000000000000000000000000000
26 : 00000000000000000000000000000000
27 : 00000000000000000000000000000000
28 : 00000000000000000000000000000000
29 : 00000000000000000000000000000000
30 : 00000000000000000000000000000000
31 : 00000000000000000000000000000000

------------------------------------------------------------------------------------

addi $s0, $s0, 1
00100010000100000000000000000001

00 : 00000000000000000000000000000000
01 : 00000000000000000000000000000000
02 : 00000000000000000000000000000000
03 : 00000000000000000000000000000000
04 : 00000000000000000000000000000000
05 : 00000000000000000000000000000000
06 : 00000000000000000000000000000000
07 : 00000000000000000000000000000000
08 : 00000000000000000000000000000000
09 : 00000000000000000000000000000000
10 : 00000000000000000000000000000000
11 : 00000000000000000000000000000000
12 : 00000000000000000000000000000000
13 : 00000000000000000000000000000000
14 : 00000000000000000000000000000000
15 : 00000000000000000000000000000000
16 : 00000000000000000000000000000001
17 : 00000000000000000000000000001010
18 : 00000000000000000000000000000000
19 : 00000000000000000000000000000000
20 : 00000000000000000000000000000000
21 : 00000000000000000000000000000000
22 : 00000000000000000000000000000000
23 : 00000000000000000000000000000000
24 : 00000000000000000000000000000000
25 : 00000000000000000000000000000000
26 : 00000000000000000000000000000000
27 : 00000000000000000000000000000000
28 : 00000000000000000000000000000000
29 : 00000000000000000000000000000000
30 : 00000000000000000000000000000000
31 : 00000000000000000000000000000000

------------------------------------------------------------------------------------

beq $s0, $s1, 2
00010010001100000000000000000010

00 : 00000000000000000000000000000000
01 : 00000000000000000000000000000000
02 : 00000000000000000000000000000000
03 : 00000000000000000000000000000000
04 : 00000000000000000000000000000000
05 : 00000000000000000000000000000000
06 : 00000000000000000000000000000000
07 : 00000000000000000000000000000000
08 : 00000000000000000000000000000000
09 : 00000000000000000000000000000000
10 : 00000000000000000000000000000000
11 : 00000000000000000000000000000000
12 : 00000000000000000000000000000000
13 : 00000000000000000000000000000000
14 : 00000000000000000000000000000000
15 : 00000000000000000000000000000000
16 : 00000000000000000000000000000001
17 : 00000000000000000000000000001010
18 : 00000000000000000000000000000000
19 : 00000000000000000000000000000000
20 : 00000000000000000000000000000000
21 : 00000000000000000000000000000000
22 : 00000000000000000000000000000000
23 : 00000000000000000000000000000000
24 : 00000000000000000000000000000000
25 : 00000000000000000000000000000000
26 : 00000000000000000000000000000000
27 : 00000000000000000000000000000000
28 : 00000000000000000000000000000000
29 : 00000000000000000000000000000000
30 : 00000000000000000000000000000000
31 : 00000000000000000000000000000000

------------------------------------------------------------------------------------

addi $s0, $s0, 1
00100010000100000000000000000001

00 : 00000000000000000000000000000000
01 : 00000000000000000000000000000000
02 : 00000000000000000000000000000000
03 : 00000000000000000000000000000000
04 : 00000000000000000000000000000000
05 : 00000000000000000000000000000000
06 : 00000000000000000000000000000000
07 : 00000000000000000000000000000000
08 : 00000000000000000000000000000000
09 : 00000000000000000000000000000000
10 : 00000000000000000000000000000000
11 : 00000000000000000000000000000000
12 : 00000000000000000000000000000000
13 : 00000000000000000000000000000000
14 : 00000000000000000000000000000000
15 : 00000000000000000000000000000000
16 : 00000000000000000000000000000010
17 : 00000000000000000000000000001010
18 : 00000000000000000000000000000000
19 : 00000000000000000000000000000000
20 : 00000000000000000000000000000000
21 : 00000000000000000000000000000000
22 : 00000000000000000000000000000000
23 : 00000000000000000000000000000000
24 : 00000000000000000000000000000000
25 : 00000000000000000000000000000000
26 : 00000000000000000000000000000000
27 : 00000000000000000000000000000000
28 : 00000000000000000000000000000000
29 : 00000000000000000000000000000000
30 : 00000000000000000000000000000000
31 : 00000000000000000000000000000000

------------------------------------------------------------------------------------

beq $s0, $s1, 2
00010010001100000000000000000010

00 : 00000000000000000000000000000000
01 : 00000000000000000000000000000000
02 : 00000000000000000000000000000000
03 : 00000000000000000000000000000000
04 : 00000000000000000000000000000000
05 : 00000000000000000000000000000000
06 : 00000000000000000000000000000000
07 : 00000000000000000000000000000000
08 : 00000000000000000000000000000000
09 : 00000000000000000000000000000000
10 : 00000000000000000000000000000000
11 : 00000000000000000000000000000000
12 : 00000000000000000000000000000000
13 : 00000000000000000000000000000000
14 : 00000000000000000000000000000000
15 : 00000000000000000000000000000000
16 : 00000000000000000000000000000010
17 : 00000000000000000000000000001010
18 : 00000000000000000000000000000000
19 : 00000000000000000000000000000000
20 : 00000000000000000000000000000000
21 : 00000000000000000000000000000000
22 : 00000000000000000000000000000000
23 : 00000000000000000000000000000000
24 : 00000000000000000000000000000000
25 : 00000000000000000000000000000000
26 : 00000000000000000000000000000000
27 : 00000000000000000000000000000000
28 : 00000000000000000000000000000000
29 : 00000000000000000000000000000000
30 : 00000000000000000000000000000000
31 : 00000000000000000000000000000000

------------------------------------------------------------------------------------

addi $s0, $s0, 1
00100010000100000000000000000001

00 : 00000000000000000000000000000000
01 : 00000000000000000000000000000000
02 : 00000000000000000000000000000000
03 : 00000000000000000000000000000000
04 : 00000000000000000000000000000000
05 : 00000000000000000000000000000000
06 : 00000000000000000000000000000000
07 : 00000000000000000000000000000000
08 : 00000000000000000000000000000000
09 : 00000000000000000000000000000000
10 : 00000000000000000000000000000000
11 : 00000000000000000000000000000000
12 : 00000000000000000000000000000000
13 : 00000000000000000000000000000000
14 : 00000000000000000000000000000000
15 : 00000000000000000000000000000000
16 : 00000000000000000000000000000011
17 : 00000000000000000000000000001010
18 : 00000000000000000000000000000000
19 : 00000000000000000000000000000000
20 : 00000000000000000000000000000000
21 : 00000000000000000000000000000000
22 : 00000000000000000000000000000000
23 : 00000000000000000000000000000000
24 : 00000000000000000000000000000000
25 : 00000000000000000000000000000000
26 : 00000000000000000000000000000000
27 : 00000000000000000000000000000000
28 : 00000000000000000000000000000000
29 : 00000000000000000000000000000000
30 : 00000000000000000000000000000000
31 : 00000000000000000000000000000000

------------------------------------------------------------------------------------

beq $s0, $s1, 2
00010010001100000000000000000010

00 : 00000000000000000000000000000000
01 : 00000000000000000000000000000000
02 : 00000000000000000000000000000000
03 : 00000000000000000000000000000000
04 : 00000000000000000000000000000000
05 : 00000000000000000000000000000000
06 : 00000000000000000000000000000000
07 : 00000000000000000000000000000000
08 : 00000000000000000000000000000000
09 : 00000000000000000000000000000000
10 : 00000000000000000000000000000000
11 : 00000000000000000000000000000000
12 : 00000000000000000000000000000000
13 : 00000000000000000000000000000000
14 : 00000000000000000000000000000000
15 : 00000000000000000000000000000000
16 : 00000000000000000000000000000011
17 : 00000000000000000000000000001010
18 : 00000000000000000000000000000000
19 : 00000000000000000000000000000000
20 : 00000000000000000000000000000000
21 : 00000000000000000000000000000000
22 : 00000000000000000000000000000000
23 : 00000000000000000000000000000000
24 : 00000000000000000000000000000000
25 : 00000000000000000000000000000000
26 : 00000000000000000000000000000000
27 : 00000000000000000000000000000000
28 : 00000000000000000000000000000000
29 : 00000000000000000000000000000000
30 : 00000000000000000000000000000000
31 : 00000000000000000000000000000000

------------------------------------------------------------------------------------

addi $s0, $s0, 1
00100010000100000000000000000001

00 : 00000000000000000000000000000000
01 : 00000000000000000000000000000000
02 : 00000000000000000000000000000000
03 : 00000000000000000000000000000000
04 : 00000000000000000000000000000000
05 : 00000000000000000000000000000000
06 : 00000000000000000000000000000000
07 : 00000000000000000000000000000000
08 : 00000000000000000000000000000000
09 : 00000000000000000000000000000000
10 : 00000000000000000000000000000000
11 : 00000000000000000000000000000000
12 : 00000000000000000000000000000000
13 : 00000000000000000000000000000000
14 : 00000000000000000000000000000000
15 : 00000000000000000000000000000000
16 : 00000000000000000000000000000100
17 : 00000000000000000000000000001010
18 : 00000000000000000000000000000000
19 : 00000000000000000000000000000000
20 : 00000000000000000000000000000000
21 : 00000000000000000000000000000000
22 : 00000000000000000000000000000000
23 : 00000000000000000000000000000000
24 : 00000000000000000000000000000000
25 : 00000000000000000000000000000000
26 : 00000000000000000000000000000000
27 : 00000000000000000000000000000000
28 : 00000000000000000000000000000000
29 : 00000000000000000000000000000000
30 : 00000000000000000000000000000000
31 : 00000000000000000000000000000000

------------------------------------------------------------------------------------

beq $s0, $s1, 2
00010010001100000000000000000010

00 : 00000000000000000000000000000000
01 : 00000000000000000000000000000000
02 : 00000000000000000000000000000000
03 : 00000000000000000000000000000000
04 : 00000000000000000000000000000000
05 : 00000000000000000000000000000000
06 : 00000000000000000000000000000000
07 : 00000000000000000000000000000000
08 : 00000000000000000000000000000000
09 : 00000000000000000000000000000000
10 : 00000000000000000000000000000000
11 : 00000000000000000000000000000000
12 : 00000000000000000000000000000000
13 : 00000000000000000000000000000000
14 : 00000000000000000000000000000000
15 : 00000000000000000000000000000000
16 : 00000000000000000000000000000100
17 : 00000000000000000000000000001010
18 : 00000000000000000000000000000000
19 : 00000000000000000000000000000000
20 : 00000000000000000000000000000000
21 : 00000000000000000000000000000000
22 : 00000000000000000000000000000000
23 : 00000000000000000000000000000000
24 : 00000000000000000000000000000000
25 : 00000000000000000000000000000000
26 : 00000000000000000000000000000000
27 : 00000000000000000000000000000000
28 : 00000000000000000000000000000000
29 : 00000000000000000000000000000000
30 : 00000000000000000000000000000000
31 : 00000000000000000000000000000000

------------------------------------------------------------------------------------

addi $s0, $s0, 1
00100010000100000000000000000001

00 : 00000000000000000000000000000000
01 : 00000000000000000000000000000000
02 : 00000000000000000000000000000000
03 : 00000000000000000000000000000000
04 : 00000000000000000000000000000000
05 : 00000000000000000000000000000000
06 : 00000000000000000000000000000000
07 : 00000000000000000000000000000000
08 : 00000000000000000000000000000000
09 : 00000000000000000000000000000000
10 : 00000000000000000000000000000000
11 : 00000000000000000000000000000000
12 : 00000000000000000000000000000000
13 : 00000000000000000000000000000000
14 : 00000000000000000000000000000000
15 : 00000000000000000000000000000000
16 : 00000000000000000000000000000101
17 : 00000000000000000000000000001010
18 : 00000000000000000000000000000000
19 : 00000000000000000000000000000000
20 : 00000000000000000000000000000000
21 : 00000000000000000000000000000000
22 : 00000000000000000000000000000000
23 : 00000000000000000000000000000000
24 : 00000000000000000000000000000000
25 : 00000000000000000000000000000000
26 : 00000000000000000000000000000000
27 : 00000000000000000000000000000000
28 : 00000000000000000000000000000000
29 : 00000000000000000000000000000000
30 : 00000000000000000000000000000000
31 : 00000000000000000000000000000000

------------------------------------------------------------------------------------

beq $s0, $s1, 2
00010010001100000000000000000010

00 : 00000000000000000000000000000000
01 : 00000000000000000000000000000000
02 : 00000000000000000000000000000000
03 : 00000000000000000000000000000000
04 : 00000000000000000000000000000000
05 : 00000000000000000000000000000000
06 : 00000000000000000000000000000000
07 : 00000000000000000000000000000000
08 : 00000000000000000000000000000000
09 : 00000000000000000000000000000000
10 : 00000000000000000000000000000000
11 : 00000000000000000000000000000000
12 : 00000000000000000000000000000000
13 : 00000000000000000000000000000000
14 : 00000000000000000000000000000000
15 : 00000000000000000000000000000000
16 : 00000000000000000000000000000101
17 : 00000000000000000000000000001010
18 : 00000000000000000000000000000000
19 : 00000000000000000000000000000000
20 : 00000000000000000000000000000000
21 : 00000000000000000000000000000000
22 : 00000000000000000000000000000000
23 : 00000000000000000000000000000000
24 : 00000000000000000000000000000000
25 : 00000000000000000000000000000000
26 : 00000000000000000000000000000000
27 : 00000000000000000000000000000000
28 : 00000000000000000000000000000000
29 : 00000000000000000000000000000000
30 : 00000000000000000000000000000000
31 : 00000000000000000000000000000000

------------------------------------------------------------------------------------

addi $s0, $s0, 1
00100010000100000000000000000001

00 : 00000000000000000000000000000000
01 : 00000000000000000000000000000000
02 : 00000000000000000000000000000000
03 : 00000000000000000000000000000000
04 : 00000000000000000000000000000000
05 : 00000000000000000000000000000000
06 : 00000000000000000000000000000000
07 : 00000000000000000000000000000000
08 : 00000000000000000000000000000000
09 : 00000000000000000000000000000000
10 : 00000000000000000000000000000000
11 : 00000000000000000000000000000000
12 : 00000000000000000000000000000000
13 : 00000000000000000000000000000000
14 : 00000000000000000000000000000000
15 : 00000000000000000000000000000000
16 : 00000000000000000000000000000110
17 : 00000000000000000000000000001010
18 : 00000000000000000000000000000000
19 : 00000000000000000000000000000000
20 : 00000000000000000000000000000000
21 : 00000000000000000000000000000000
22 : 00000000000000000000000000000000
23 : 00000000000000000000000000000000
24 : 00000000000000000000000000000000
25 : 00000000000000000000000000000000
26 : 00000000000000000000000000000000
27 : 00000000000000000000000000000000
28 : 00000000000000000000000000000000
29 : 00000000000000000000000000000000
30 : 00000000000000000000000000000000
31 : 00000000000000000000000000000000

------------------------------------------------------------------------------------

beq $s0, $s1, 2
00010010001100000000000000000010

00 : 00000000000000000000000000000000
01 : 00000000000000000000000000000000
02 : 00000000000000000000000000000000
03 : 00000000000000000000000000000000
04 : 00000000000000000000000000000000
05 : 00000000000000000000000000000000
06 : 00000000000000000000000000000000
07 : 00000000000000000000000000000000
08 : 00000000000000000000000000000000
09 : 00000000000000000000000000000000
10 : 00000000000000000000000000000000
11 : 00000000000000000000000000000000
12 : 00000000000000000000000000000000
13 : 00000000000000000000000000000000
14 : 00000000000000000000000000000000
15 : 00000000000000000000000000000000
16 : 00000000000000000000000000000110
17 : 00000000000000000000000000001010
18 : 00000000000000000000000000000000
19 : 00000000000000000000000000000000
20 : 00000000000000000000000000000000
21 : 00000000000000000000000000000000
22 : 00000000000000000000000000000000
23 : 00000000000000000000000000000000
24 : 00000000000000000000000000000000
25 : 00000000000000000000000000000000
26 : 00000000000000000000000000000000
27 : 00000000000000000000000000000000
28 : 00000000000000000000000000000000
29 : 00000000000000000000000000000000
30 : 00000000000000000000000000000000
31 : 00000000000000000000000000000000

------------------------------------------------------------------------------------

addi $s0, $s0, 1
00100010000100000000000000000001

00 : 00000000000000000000000000000000
01 : 00000000000000000000000000000000
02 : 00000000000000000000000000000000
03 : 00000000000000000000000000000000
04 : 00000000000000000000000000000000
05 : 00000000000000000000000000000000
06 : 00000000000000000000000000000000
07 : 00000000000000000000000000000000
08 : 00000000000000000000000000000000
09 : 00000000000000000000000000000000
10 : 00000000000000000000000000000000
11 : 00000000000000000000000000000000
12 : 00000000000000000000000000000000
13 : 00000000000000000000000000000000
14 : 00000000000000000000000000000000
15 : 00000000000000000000000000000000
16 : 00000000000000000000000000000111
17 : 00000000000000000000000000001010
18 : 00000000000000000000000000000000
19 : 00000000000000000000000000000000
20 : 00000000000000000000000000000000
21 : 00000000000000000000000000000000
22 : 00000000000000000000000000000000
23 : 00000000000000000000000000000000
24 : 00000000000000000000000000000000
25 : 00000000000000000000000000000000
26 : 00000000000000000000000000000000
27 : 00000000000000000000000000000000
28 : 00000000000000000000000000000000
29 : 00000000000000000000000000000000
30 : 00000000000000000000000000000000
31 : 00000000000000000000000000000000

------------------------------------------------------------------------------------

beq $s0, $s1, 2
00010010001100000000000000000010

00 : 00000000000000000000000000000000
01 : 00000000000000000000000000000000
02 : 00000000000000000000000000000000
03 : 00000000000000000000000000000000
04 : 00000000000000000000000000000000
05 : 00000000000000000000000000000000
06 : 00000000000000000000000000000000
07 : 00000000000000000000000000000000
08 : 00000000000000000000000000000000
09 : 00000000000000000000000000000000
10 : 00000000000000000000000000000000
11 : 00000000000000000000000000000000
12 : 00000000000000000000000000000000
13 : 00000000000000000000000000000000
14 : 00000000000000000000000000000000
15 : 00000000000000000000000000000000
16 : 00000000000000000000000000000111
17 : 00000000000000000000000000001010
18 : 00000000000000000000000000000000
19 : 00000000000000000000000000000000
20 : 00000000000000000000000000000000
21 : 00000000000000000000000000000000
22 : 00000000000000000000000000000000
23 : 00000000000000000000000000000000
24 : 00000000000000000000000000000000
25 : 00000000000000000000000000000000
26 : 00000000000000000000000000000000
27 : 00000000000000000000000000000000
28 : 00000000000000000000000000000000
29 : 00000000000000000000000000000000
30 : 00000000000000000000000000000000
31 : 00000000000000000000000000000000

------------------------------------------------------------------------------------

addi $s0, $s0, 1
00100010000100000000000000000001

00 : 00000000000000000000000000000000
01 : 00000000000000000000000000000000
02 : 00000000000000000000000000000000
03 : 00000000000000000000000000000000
04 : 00000000000000000000000000000000
05 : 00000000000000000000000000000000
06 : 00000000000000000000000000000000
07 : 00000000000000000000000000000000
08 : 00000000000000000000000000000000
09 : 00000000000000000000000000000000
10 : 00000000000000000000000000000000
11 : 00000000000000000000000000000000
12 : 00000000000000000000000000000000
13 : 00000000000000000000000000000000
14 : 00000000000000000000000000000000
15 : 00000000000000000000000000000000
16 : 00000000000000000000000000001000
17 : 00000000000000000000000000001010
18 : 00000000000000000000000000000000
19 : 00000000000000000000000000000000
20 : 00000000000000000000000000000000
21 : 00000000000000000000000000000000
22 : 00000000000000000000000000000000
23 : 00000000000000000000000000000000
24 : 00000000000000000000000000000000
25 : 00000000000000000000000000000000
26 : 00000000000000000000000000000000
27 : 00000000000000000000000000000000
28 : 00000000000000000000000000000000
29 : 00000000000000000000000000000000
30 : 00000000000000000000000000000000
31 : 00000000000000000000000000000000

------------------------------------------------------------------------------------

beq $s0, $s1, 2
00010010001100000000000000000010

00 : 00000000000000000000000000000000
01 : 00000000000000000000000000000000
02 : 00000000000000000000000000000000
03 : 00000000000000000000000000000000
04 : 00000000000000000000000000000000
05 : 00000000000000000000000000000000
06 : 00000000000000000000000000000000
07 : 00000000000000000000000000000000
08 : 00000000000000000000000000000000
09 : 00000000000000000000000000000000
10 : 00000000000000000000000000000000
11 : 00000000000000000000000000000000
12 : 00000000000000000000000000000000
13 : 00000000000000000000000000000000
14 : 00000000000000000000000000000000
15 : 00000000000000000000000000000000
16 : 00000000000000000000000000001000
17 : 00000000000000000000000000001010
18 : 00000000000000000000000000000000
19 : 00000000000000000000000000000000
20 : 00000000000000000000000000000000
21 : 00000000000000000000000000000000
22 : 00000000000000000000000000000000
23 : 00000000000000000000000000000000
24 : 00000000000000000000000000000000
25 : 00000000000000000000000000000000
26 : 00000000000000000000000000000000
27 : 00000000000000000000000000000000
28 : 00000000000000000000000000000000
29 : 00000000000000000000000000000000
30 : 00000000000000000000000000000000
31 : 00000000000000000000000000000000

------------------------------------------------------------------------------------

addi $s0, $s0, 1
00100010000100000000000000000001

00 : 00000000000000000000000000000000
01 : 00000000000000000000000000000000
02 : 00000000000000000000000000000000
03 : 00000000000000000000000000000000
04 : 00000000000000000000000000000000
05 : 00000000000000000000000000000000
06 : 00000000000000000000000000000000
07 : 00000000000000000000000000000000
08 : 00000000000000000000000000000000
09 : 00000000000000000000000000000000
10 : 00000000000000000000000000000000
11 : 00000000000000000000000000000000
12 : 00000000000000000000000000000000
13 : 00000000000000000000000000000000
14 : 00000000000000000000000000000000
15 : 00000000000000000000000000000000
16 : 00000000000000000000000000001001
17 : 00000000000000000000000000001010
18 : 00000000000000000000000000000000
19 : 00000000000000000000000000000000
20 : 00000000000000000000000000000000
21 : 00000000000000000000000000000000
22 : 00000000000000000000000000000000
23 : 00000000000000000000000000000000
24 : 00000000000000000000000000000000
25 : 00000000000000000000000000000000
26 : 00000000000000000000000000000000
27 : 00000000000000000000000000000000
28 : 00000000000000000000000000000000
29 : 00000000000000000000000000000000
30 : 00000000000000000000000000000000
31 : 00000000000000000000000000000000

------------------------------------------------------------------------------------

beq $s0, $s1, 2
00010010001100000000000000000010

00 : 00000000000000000000000000000000
01 : 00000000000000000000000000000000
02 : 00000000000000000000000000000000
03 : 00000000000000000000000000000000
04 : 00000000000000000000000000000000
05 : 00000000000000000000000000000000
06 : 00000000000000000000000000000000
07 : 00000000000000000000000000000000
08 : 00000000000000000000000000000000
09 : 00000000000000000000000000000000
10 : 00000000000000000000000000000000
11 : 00000000000000000000000000000000
12 : 00000000000000000000000000000000
13 : 00000000000000000000000000000000
14 : 00000000000000000000000000000000
15 : 00000000000000000000000000000000
16 : 00000000000000000000000000001001
17 : 00000000000000000000000000001010
18 : 00000000000000000000000000000000
19 : 00000000000000000000000000000000
20 : 00000000000000000000000000000000
21 : 00000000000000000000000000000000
22 : 00000000000000000000000000000000
23 : 00000000000000000000000000000000
24 : 00000000000000000000000000000000
25 : 00000000000000000000000000000000
26 : 00000000000000000000000000000000
27 : 00000000000000000000000000000000
28 : 00000000000000000000000000000000
29 : 00000000000000000000000000000000
30 : 00000000000000000000000000000000
31 : 00000000000000000000000000000000

------------------------------------------------------------------------------------

addi $s0, $s0, 1
00100010000100000000000000000001

00 : 00000000000000000000000000000000
01 : 00000000000000000000000000000000
02 : 00000000000000000000000000000000
03 : 00000000000000000000000000000000
04 : 00000000000000000000000000000000
05 : 00000000000000000000000000000000
06 : 00000000000000000000000000000000
07 : 00000000000000000000000000000000
08 : 00000000000000000000000000000000
09 : 00000000000000000000000000000000
10 : 00000000000000000000000000000000
11 : 00000000000000000000000000000000
12 : 00000000000000000000000000000000
13 : 00000000000000000000000000000000
14 : 00000000000000000000000000000000
15 : 00000000000000000000000000000000
16 : 00000000000000000000000000001010
17 : 00000000000000000000000000001010
18 : 00000000000000000000000000000000
19 : 00000000000000000000000000000000
20 : 00000000000000000000000000000000
21 : 00000000000000000000000000000000
22 : 00000000000000000000000000000000
23 : 00000000000000000000000000000000
24 : 00000000000000000000000000000000
25 : 00000000000000000000000000000000
26 : 00000000000000000000000000000000
27 : 00000000000000000000000000000000
28 : 00000000000000000000000000000000
29 : 00000000000000000000000000000000
30 : 00000000000000000000000000000000
31 : 00000000000000000000000000000000

------------------------------------------------------------------------------------

beq $s0, $s1, 2
00010010001100000000000000000010

00 : 00000000000000000000000000000000
01 : 00000000000000000000000000000000
02 : 00000000000000000000000000000000
03 : 00000000000000000000000000000000
04 : 00000000000000000000000000000000
05 : 00000000000000000000000000000000
06 : 00000000000000000000000000000000
07 : 00000000000000000000000000000000
08 : 00000000000000000000000000000000
09 : 00000000000000000000000000000000
10 : 00000000000000000000000000000000
11 : 00000000000000000000000000000000
12 : 00000000000000000000000000000000
13 : 00000000000000000000000000000000
14 : 00000000000000000000000000000000
15 : 00000000000000000000000000000000
16 : 00000000000000000000000000001010
17 : 00000000000000000000000000001010
18 : 00000000000000000000000000000000
19 : 00000000000000000000000000000000
20 : 00000000000000000000000000000000
21 : 00000000000000000000000000000000
22 : 00000000000000000000000000000000
23 : 00000000000000000000000000000000
24 : 00000000000000000000000000000000
25 : 00000000000000000000000000000000
26 : 00000000000000000000000000000000
27 : 00000000000000000000000000000000
28 : 00000000000000000000000000000000
29 : 00000000000000000000000000000000
30 : 00000000000000000000000000000000
31 : 00000000000000000000000000000000

------------------------------------------------------------------------------------

add $s2, $s0, $s1
00000010000100011001000000100000

00 : 00000000000000000000000000000000
01 : 00000000000000000000000000000000
02 : 00000000000000000000000000000000
03 : 00000000000000000000000000000000
04 : 00000000000000000000000000000000
05 : 00000000000000000000000000000000
06 : 00000000000000000000000000000000
07 : 00000000000000000000000000000000
08 : 00000000000000000000000000000000
09 : 00000000000000000000000000000000
10 : 00000000000000000000000000000000
11 : 00000000000000000000000000000000
12 : 00000000000000000000000000000000
13 : 00000000000000000000000000000000
14 : 00000000000000000000000000000000
15 : 00000000000000000000000000000000
16 : 00000000000000000000000000001010
17 : 00000000000000000000000000001010
18 : 00000000000000000000000000010100
19 : 00000000000000000000000000000000
20 : 00000000000000000000000000000000
21 : 00000000000000000000000000000000
22 : 00000000000000000000000000000000
23 : 00000000000000000000000000000000
24 : 00000000000000000000000000000000
25 : 00000000000000000000000000000000
26 : 00000000000000000000000000000000
27 : 00000000000000000000000000000000
28 : 00000000000000000000000000000000
29 : 00000000000000000000000000000000
30 : 00000000000000000000000000000000
31 : 00000000000000000000000000000000

------------------------------------------------------------------------------------
